<?xml version="1.0" encoding="UTF-8" ?>
<testsuite tests="5" failures="0" name="nz.vortus.MainTest" time="13.577" errors="0" skipped="0">
  <properties>
[...]
</properties>
  <testcase classname="nz.vortus.MainTest" name="nz.vortus.MainTest.testWebResourceRoot" time="9.629"/>
  <testcase classname="nz.vortus.MainTest" name="nz.vortus.MainTest.testStandardContext" time="1.26"/>
  <testcase classname="nz.vortus.MainTest" name="nz.vortus.MainTest.testTomcatStop" time="1"/>
  <testcase classname="nz.vortus.MainTest" name="nz.vortus.MainTest.testDirResourceSet" time="0.833"/>
  <testcase classname="nz.vortus.MainTest" name="nz.vortus.MainTest.testTomcatPort" time="0.855"/>
</testsuite>